<?xml version="1.0" encoding="UTF-8"?>
<testsuite name="com.emse.spring.faircorp.FaircopApplicationTests" tests="1" skipped="0" failures="0" errors="0" timestamp="2021-10-20T06:32:35" hostname="HP-Pavillion" time="0.004">
  <properties/>
  <testcase name="contextLoads()" classname="com.emse.spring.faircorp.FaircopApplicationTests" time="0.004"/>
  <system-out><![CDATA[2021-10-20 08:32:31.754  INFO 5044 --- [    Test worker] .b.t.c.SpringBootTestContextBootstrapper : Neither @ContextConfiguration nor @ContextHierarchy found for test class [com.emse.spring.faircorp.FaircopApplicationTests], using SpringBootContextLoader
2021-10-20 08:32:31.755  INFO 5044 --- [    Test worker] o.s.t.c.support.AbstractContextLoader    : Could not detect default resource locations for test class [com.emse.spring.faircorp.FaircopApplicationTests]: no resource found for suffixes {-context.xml, Context.groovy}.
2021-10-20 08:32:31.756  INFO 5044 --- [    Test worker] t.c.s.AnnotationConfigContextLoaderUtils : Could not detect default configuration classes for test class [com.emse.spring.faircorp.FaircopApplicationTests]: FaircopApplicationTests does not declare any static, non-private, non-final, nested classes annotated with @Configuration.
2021-10-20 08:32:31.761  INFO 5044 --- [    Test worker] .b.t.c.SpringBootTestContextBootstrapper : Found @SpringBootConfiguration com.emse.spring.faircorp.FaircopApplication for test class com.emse.spring.faircorp.FaircopApplicationTests
2021-10-20 08:32:31.767  INFO 5044 --- [    Test worker] .b.t.c.SpringBootTestContextBootstrapper : Loaded default TestExecutionListener class names from location [META-INF/spring.factories]: [org.springframework.boot.test.autoconfigure.restdocs.RestDocsTestExecutionListener, org.springframework.boot.test.autoconfigure.web.client.MockRestServiceServerResetTestExecutionListener, org.springframework.boot.test.autoconfigure.web.servlet.MockMvcPrintOnlyOnFailureTestExecutionListener, org.springframework.boot.test.autoconfigure.web.servlet.WebDriverTestExecutionListener, org.springframework.boot.test.autoconfigure.webservices.client.MockWebServiceServerTestExecutionListener, org.springframework.boot.test.mock.mockito.MockitoTestExecutionListener, org.springframework.boot.test.mock.mockito.ResetMocksTestExecutionListener, org.springframework.test.context.web.ServletTestExecutionListener, org.springframework.test.context.support.DirtiesContextBeforeModesTestExecutionListener, org.springframework.test.context.event.ApplicationEventsTestExecutionListener, org.springframework.test.context.support.DependencyInjectionTestExecutionListener, org.springframework.test.context.support.DirtiesContextTestExecutionListener, org.springframework.test.context.transaction.TransactionalTestExecutionListener, org.springframework.test.context.jdbc.SqlScriptsTestExecutionListener, org.springframework.test.context.event.EventPublishingTestExecutionListener]
2021-10-20 08:32:31.768  INFO 5044 --- [    Test worker] .b.t.c.SpringBootTestContextBootstrapper : Using TestExecutionListeners: [org.springframework.test.context.web.ServletTestExecutionListener@143b6a56, org.springframework.test.context.support.DirtiesContextBeforeModesTestExecutionListener@5019c942, org.springframework.test.context.event.ApplicationEventsTestExecutionListener@60411bcb, org.springframework.boot.test.mock.mockito.MockitoTestExecutionListener@6d5dedf7, org.springframework.boot.test.autoconfigure.SpringBootDependencyInjectionTestExecutionListener@227b43d0, org.springframework.test.context.support.DirtiesContextTestExecutionListener@3cb6dd04, org.springframework.test.context.transaction.TransactionalTestExecutionListener@5441061a, org.springframework.test.context.jdbc.SqlScriptsTestExecutionListener@56716b30, org.springframework.test.context.event.EventPublishingTestExecutionListener@2e6cc7ed, org.springframework.boot.test.autoconfigure.restdocs.RestDocsTestExecutionListener@24b861d9, org.springframework.boot.test.autoconfigure.web.client.MockRestServiceServerResetTestExecutionListener@7895d282, org.springframework.boot.test.autoconfigure.web.servlet.MockMvcPrintOnlyOnFailureTestExecutionListener@25600e4b, org.springframework.boot.test.autoconfigure.web.servlet.WebDriverTestExecutionListener@6d7bf6a5, org.springframework.boot.test.autoconfigure.webservices.client.MockWebServiceServerTestExecutionListener@aaae47a, org.springframework.boot.test.mock.mockito.ResetMocksTestExecutionListener@5cfd266f]

  .   ____          _            __ _ _
 /\\ / ___'_ __ _ _(_)_ __  __ _ \ \ \ \
( ( )\___ | '_ | '_| | '_ \/ _` | \ \ \ \
 \\/  ___)| |_)| | | | | || (_| |  ) ) ) )
  '  |____| .__|_| |_|_| |_\__, | / / / /
 =========|_|==============|___/=/_/_/_/
 :: Spring Boot ::                (v2.5.4)

2021-10-20 08:32:31.811  INFO 5044 --- [    Test worker] c.e.s.faircorp.FaircopApplicationTests   : Starting FaircopApplicationTests using Java 11.0.11 on HP-Pavillion with PID 5044 (started by justin in /home/justin/Documents/springWindows-main)
2021-10-20 08:32:31.814  INFO 5044 --- [    Test worker] c.e.s.faircorp.FaircopApplicationTests   : No active profile set, falling back to default profiles: default
2021-10-20 08:32:32.423  INFO 5044 --- [    Test worker] .s.d.r.c.RepositoryConfigurationDelegate : Bootstrapping Spring Data JPA repositories in DEFAULT mode.
2021-10-20 08:32:32.439  INFO 5044 --- [    Test worker] .s.d.r.c.RepositoryConfigurationDelegate : Finished Spring Data repository scanning in 16 ms. Found 4 JPA repository interfaces.
2021-10-20 08:32:32.813  INFO 5044 --- [    Test worker] com.zaxxer.hikari.HikariDataSource       : HikariPool-1 - Starting...
2021-10-20 08:32:32.829  INFO 5044 --- [    Test worker] com.zaxxer.hikari.HikariDataSource       : HikariPool-1 - Start completed.
2021-10-20 08:32:32.853  INFO 5044 --- [    Test worker] o.hibernate.jpa.internal.util.LogHelper  : HHH000204: Processing PersistenceUnitInfo [name: default]
2021-10-20 08:32:32.858  INFO 5044 --- [    Test worker] org.hibernate.dialect.Dialect            : HHH000400: Using dialect: org.hibernate.dialect.H2Dialect
Hibernate: drop table if exists building CASCADE 
Hibernate: drop table if exists heater CASCADE 
Hibernate: drop table if exists room CASCADE 
Hibernate: drop table if exists rwindow CASCADE 
Hibernate: drop sequence if exists hibernate_sequence
Hibernate: create sequence hibernate_sequence start with 1 increment by 1
Hibernate: create table building (id bigint not null, name varchar(255) not null, primary key (id))
Hibernate: create table heater (id bigint not null, heater_status varchar(255) not null, name varchar(255) not null, power bigint, room_id bigint, primary key (id))
Hibernate: create table room (id bigint not null, current_temperature double, floor integer not null, name varchar(255) not null, target_temperature double, building_id bigint, primary key (id))
Hibernate: create table rwindow (id bigint not null, name varchar(255) not null, window_status varchar(255) not null, room_id bigint, primary key (id))
Hibernate: alter table heater add constraint FKba10hbsubifukw0monybjx3a0 foreign key (room_id) references room
Hibernate: alter table room add constraint FK4kmfw73x2vpfymk0ml875rh2q foreign key (building_id) references building
Hibernate: alter table rwindow add constraint FK621arbu4dtuis4nf2o3xtapfn foreign key (room_id) references room
2021-10-20 08:32:32.949  INFO 5044 --- [    Test worker] o.h.e.t.j.p.i.JtaPlatformInitiator       : HHH000490: Using JtaPlatform implementation: [org.hibernate.engine.transaction.jta.platform.internal.NoJtaPlatform]
2021-10-20 08:32:32.950  INFO 5044 --- [    Test worker] j.LocalContainerEntityManagerFactoryBean : Initialized JPA EntityManagerFactory for persistence unit 'default'
2021-10-20 08:32:33.497  WARN 5044 --- [    Test worker] JpaBaseConfiguration$JpaWebConfiguration : spring.jpa.open-in-view is enabled by default. Therefore, database queries may be performed during view rendering. Explicitly configure spring.jpa.open-in-view to disable this warning
2021-10-20 08:32:33.612  INFO 5044 --- [    Test worker] o.s.b.a.h2.H2ConsoleAutoConfiguration    : H2 console available at '/console'. Database available at 'jdbc:h2:mem:faircorp'
2021-10-20 08:32:34.236  INFO 5044 --- [    Test worker] o.s.b.a.w.s.WelcomePageHandlerMapping    : Adding welcome page: class path resource [static/index.html]
2021-10-20 08:32:35.115  INFO 5044 --- [    Test worker] c.e.s.faircorp.FaircopApplicationTests   : Started FaircopApplicationTests in 3.336 seconds (JVM running for 8.756)
Hello, Spring!
]]></system-out>
  <system-err><![CDATA[]]></system-err>
</testsuite>
