<?xml version="1.0" encoding="UTF-8"?>
<testsuite name="com.emse.spring.faircorp.hello.DummyUserServiceTest" tests="1" skipped="0" failures="0" errors="0" timestamp="2021-10-20T06:32:35" hostname="HP-Pavillion" time="0.008">
  <properties/>
  <testcase name="testGreetingAll(CapturedOutput)" classname="com.emse.spring.faircorp.hello.DummyUserServiceTest" time="0.008"/>
  <system-out><![CDATA[2021-10-20 08:32:35.148  INFO 5044 --- [    Test worker] o.s.t.c.s.DefaultTestContextBootstrapper : Neither @ContextConfiguration nor @ContextHierarchy found for test class [com.emse.spring.faircorp.hello.DummyUserServiceTest], using DelegatingSmartContextLoader
2021-10-20 08:32:35.150  INFO 5044 --- [    Test worker] o.s.t.c.support.AbstractContextLoader    : Could not detect default resource locations for test class [com.emse.spring.faircorp.hello.DummyUserServiceTest]: no resource found for suffixes {-context.xml}.
2021-10-20 08:32:35.151  INFO 5044 --- [    Test worker] c.s.AbstractDelegatingSmartContextLoader : AnnotationConfigContextLoader detected default configuration classes for context configuration [ContextConfigurationAttributes@4e19422c declaringClass = 'com.emse.spring.faircorp.hello.DummyUserServiceTest', classes = '{class com.emse.spring.faircorp.hello.DummyUserServiceTest$DummyUserServiceTestConfig}', locations = '{}', inheritLocations = false, initializers = '{}', inheritInitializers = true, name = [null], contextLoaderClass = 'org.springframework.test.context.ContextLoader'].
2021-10-20 08:32:35.152  INFO 5044 --- [    Test worker] o.s.t.c.s.DefaultTestContextBootstrapper : Loaded default TestExecutionListener class names from location [META-INF/spring.factories]: [org.springframework.boot.test.autoconfigure.restdocs.RestDocsTestExecutionListener, org.springframework.boot.test.autoconfigure.web.client.MockRestServiceServerResetTestExecutionListener, org.springframework.boot.test.autoconfigure.web.servlet.MockMvcPrintOnlyOnFailureTestExecutionListener, org.springframework.boot.test.autoconfigure.web.servlet.WebDriverTestExecutionListener, org.springframework.boot.test.autoconfigure.webservices.client.MockWebServiceServerTestExecutionListener, org.springframework.boot.test.mock.mockito.MockitoTestExecutionListener, org.springframework.boot.test.mock.mockito.ResetMocksTestExecutionListener, org.springframework.test.context.web.ServletTestExecutionListener, org.springframework.test.context.support.DirtiesContextBeforeModesTestExecutionListener, org.springframework.test.context.event.ApplicationEventsTestExecutionListener, org.springframework.test.context.support.DependencyInjectionTestExecutionListener, org.springframework.test.context.support.DirtiesContextTestExecutionListener, org.springframework.test.context.transaction.TransactionalTestExecutionListener, org.springframework.test.context.jdbc.SqlScriptsTestExecutionListener, org.springframework.test.context.event.EventPublishingTestExecutionListener]
2021-10-20 08:32:35.153  INFO 5044 --- [    Test worker] o.s.t.c.s.DefaultTestContextBootstrapper : Using TestExecutionListeners: [org.springframework.test.context.web.ServletTestExecutionListener@1498a859, org.springframework.test.context.support.DirtiesContextBeforeModesTestExecutionListener@3528c212, org.springframework.test.context.event.ApplicationEventsTestExecutionListener@31a4eeb9, org.springframework.boot.test.mock.mockito.MockitoTestExecutionListener@519a5731, org.springframework.test.context.support.DependencyInjectionTestExecutionListener@11e73b, org.springframework.test.context.support.DirtiesContextTestExecutionListener@735a8d79, org.springframework.test.context.transaction.TransactionalTestExecutionListener@651d748d, org.springframework.test.context.jdbc.SqlScriptsTestExecutionListener@66bd94c0, org.springframework.test.context.event.EventPublishingTestExecutionListener@691a8f13, org.springframework.boot.test.autoconfigure.restdocs.RestDocsTestExecutionListener@4e8ce60c, org.springframework.boot.test.autoconfigure.web.client.MockRestServiceServerResetTestExecutionListener@403b4a4c, org.springframework.boot.test.autoconfigure.web.servlet.MockMvcPrintOnlyOnFailureTestExecutionListener@4aaacd1f, org.springframework.boot.test.autoconfigure.web.servlet.WebDriverTestExecutionListener@77f5a14e, org.springframework.boot.test.autoconfigure.webservices.client.MockWebServiceServerTestExecutionListener@5e60853a, org.springframework.boot.test.mock.mockito.ResetMocksTestExecutionListener@4493dd90]
Hello, Elodie!
Hello, Charles!
]]></system-out>
  <system-err><![CDATA[]]></system-err>
</testsuite>
