<?xml version="1.0" encoding="UTF-8"?>
<testsuite name="com.emse.spring.faircorp.dao.HeaterDaoTest" tests="1" skipped="0" failures="0" errors="0" timestamp="2021-10-20T06:32:31" hostname="HP-Pavillion" time="0.014">
  <properties/>
  <testcase name="shouldFindAHeater()" classname="com.emse.spring.faircorp.dao.HeaterDaoTest" time="0.014"/>
  <system-out><![CDATA[2021-10-20 08:32:31.720  INFO 5044 --- [    Test worker] b.t.a.o.j.DataJpaTestContextBootstrapper : Neither @ContextConfiguration nor @ContextHierarchy found for test class [com.emse.spring.faircorp.dao.HeaterDaoTest], using SpringBootContextLoader
2021-10-20 08:32:31.721  INFO 5044 --- [    Test worker] o.s.t.c.support.AbstractContextLoader    : Could not detect default resource locations for test class [com.emse.spring.faircorp.dao.HeaterDaoTest]: no resource found for suffixes {-context.xml, Context.groovy}.
2021-10-20 08:32:31.722  INFO 5044 --- [    Test worker] t.c.s.AnnotationConfigContextLoaderUtils : Could not detect default configuration classes for test class [com.emse.spring.faircorp.dao.HeaterDaoTest]: HeaterDaoTest does not declare any static, non-private, non-final, nested classes annotated with @Configuration.
2021-10-20 08:32:31.728  INFO 5044 --- [    Test worker] .b.t.c.SpringBootTestContextBootstrapper : Found @SpringBootConfiguration com.emse.spring.faircorp.FaircopApplication for test class com.emse.spring.faircorp.dao.HeaterDaoTest
2021-10-20 08:32:31.729  INFO 5044 --- [    Test worker] b.t.a.o.j.DataJpaTestContextBootstrapper : Loaded default TestExecutionListener class names from location [META-INF/spring.factories]: [org.springframework.boot.test.autoconfigure.restdocs.RestDocsTestExecutionListener, org.springframework.boot.test.autoconfigure.web.client.MockRestServiceServerResetTestExecutionListener, org.springframework.boot.test.autoconfigure.web.servlet.MockMvcPrintOnlyOnFailureTestExecutionListener, org.springframework.boot.test.autoconfigure.web.servlet.WebDriverTestExecutionListener, org.springframework.boot.test.autoconfigure.webservices.client.MockWebServiceServerTestExecutionListener, org.springframework.boot.test.mock.mockito.MockitoTestExecutionListener, org.springframework.boot.test.mock.mockito.ResetMocksTestExecutionListener, org.springframework.test.context.web.ServletTestExecutionListener, org.springframework.test.context.support.DirtiesContextBeforeModesTestExecutionListener, org.springframework.test.context.event.ApplicationEventsTestExecutionListener, org.springframework.test.context.support.DependencyInjectionTestExecutionListener, org.springframework.test.context.support.DirtiesContextTestExecutionListener, org.springframework.test.context.transaction.TransactionalTestExecutionListener, org.springframework.test.context.jdbc.SqlScriptsTestExecutionListener, org.springframework.test.context.event.EventPublishingTestExecutionListener]
2021-10-20 08:32:31.730  INFO 5044 --- [    Test worker] b.t.a.o.j.DataJpaTestContextBootstrapper : Using TestExecutionListeners: [org.springframework.test.context.web.ServletTestExecutionListener@27a8ceb5, org.springframework.test.context.support.DirtiesContextBeforeModesTestExecutionListener@11cf1de7, org.springframework.test.context.event.ApplicationEventsTestExecutionListener@5a1cf5b3, org.springframework.boot.test.mock.mockito.MockitoTestExecutionListener@101a57, org.springframework.boot.test.autoconfigure.SpringBootDependencyInjectionTestExecutionListener@61acb186, org.springframework.test.context.support.DirtiesContextTestExecutionListener@8e5a871, org.springframework.test.context.transaction.TransactionalTestExecutionListener@356965b3, org.springframework.test.context.jdbc.SqlScriptsTestExecutionListener@35ab13eb, org.springframework.test.context.event.EventPublishingTestExecutionListener@310fa459, org.springframework.boot.test.autoconfigure.restdocs.RestDocsTestExecutionListener@140c2429, org.springframework.boot.test.autoconfigure.web.client.MockRestServiceServerResetTestExecutionListener@6ab68fe6, org.springframework.boot.test.autoconfigure.web.servlet.MockMvcPrintOnlyOnFailureTestExecutionListener@76ffd10, org.springframework.boot.test.autoconfigure.web.servlet.WebDriverTestExecutionListener@4b0eacc8, org.springframework.boot.test.autoconfigure.webservices.client.MockWebServiceServerTestExecutionListener@3ed6f4ec, org.springframework.boot.test.mock.mockito.ResetMocksTestExecutionListener@60c1856f]
2021-10-20 08:32:31.738  INFO 5044 --- [    Test worker] o.s.t.c.transaction.TransactionContext   : Began transaction (1) for test context [DefaultTestContext@2f90159c testClass = HeaterDaoTest, testInstance = com.emse.spring.faircorp.dao.HeaterDaoTest@439607fc, testMethod = shouldFindAHeater@HeaterDaoTest, testException = [null], mergedContextConfiguration = [MergedContextConfiguration@28db0a27 testClass = HeaterDaoTest, locations = '{}', classes = '{class com.emse.spring.faircorp.FaircopApplication}', contextInitializerClasses = '[]', activeProfiles = '{}', propertySourceLocations = '{}', propertySourceProperties = '{org.springframework.boot.test.autoconfigure.orm.jpa.DataJpaTestContextBootstrapper=true}', contextCustomizers = set[org.springframework.boot.test.autoconfigure.OverrideAutoConfigurationContextCustomizerFactory$DisableAutoConfigurationContextCustomizer@edd013, org.springframework.boot.test.autoconfigure.actuate.metrics.MetricsExportContextCustomizerFactory$DisableMetricExportContextCustomizer@6b6e7f19, org.springframework.boot.test.autoconfigure.filter.TypeExcludeFiltersContextCustomizer@351584c0, org.springframework.boot.test.autoconfigure.properties.PropertyMappingContextCustomizer@ab31647e, org.springframework.boot.test.autoconfigure.web.servlet.WebDriverContextCustomizerFactory$Customizer@7c961c83, [ImportsContextCustomizer@4973eab9 key = [org.springframework.boot.autoconfigure.cache.CacheAutoConfiguration, org.springframework.boot.autoconfigure.data.jpa.JpaRepositoriesAutoConfiguration, org.springframework.boot.autoconfigure.flyway.FlywayAutoConfiguration, org.springframework.boot.autoconfigure.jdbc.DataSourceAutoConfiguration, org.springframework.boot.autoconfigure.jdbc.DataSourceTransactionManagerAutoConfiguration, org.springframework.boot.autoconfigure.jdbc.JdbcTemplateAutoConfiguration, org.springframework.boot.autoconfigure.liquibase.LiquibaseAutoConfiguration, org.springframework.boot.autoconfigure.orm.jpa.HibernateJpaAutoConfiguration, org.springframework.boot.autoconfigure.sql.init.SqlInitializationAutoConfiguration, org.springframework.boot.autoconfigure.transaction.TransactionAutoConfiguration, org.springframework.boot.test.autoconfigure.jdbc.TestDatabaseAutoConfiguration, org.springframework.boot.test.autoconfigure.orm.jpa.TestEntityManagerAutoConfiguration]], org.springframework.boot.test.context.filter.ExcludeFilterContextCustomizer@5175739, org.springframework.boot.test.json.DuplicateJsonObjectContextCustomizerFactory$DuplicateJsonObjectContextCustomizer@75dddafe, org.springframework.boot.test.mock.mockito.MockitoContextCustomizer@0, org.springframework.boot.test.context.SpringBootTestArgs@1, org.springframework.boot.test.context.SpringBootTestWebEnvironment@0], contextLoader = 'org.springframework.boot.test.context.SpringBootContextLoader', parent = [null]], attributes = map['org.springframework.test.context.event.ApplicationEventsTestExecutionListener.recordApplicationEvents' -> false]]; transaction manager [org.springframework.orm.jpa.JpaTransactionManager@f6470c1]; rollback [true]
Hibernate: select heater0_.id as id1_1_0_, heater0_.heater_status as heater_s2_1_0_, heater0_.name as name3_1_0_, heater0_.power as power4_1_0_, heater0_.room_id as room_id5_1_0_, room1_.id as id1_2_1_, room1_.building_id as building6_2_1_, room1_.current_temperature as current_2_2_1_, room1_.floor as floor3_2_1_, room1_.name as name4_2_1_, room1_.target_temperature as target_t5_2_1_, building2_.id as id1_0_2_, building2_.name as name2_0_2_ from heater heater0_ left outer join room room1_ on heater0_.room_id=room1_.id left outer join building building2_ on room1_.building_id=building2_.id where heater0_.id=?
2021-10-20 08:32:31.749  INFO 5044 --- [    Test worker] o.s.t.c.transaction.TransactionContext   : Rolled back transaction for test: [DefaultTestContext@2f90159c testClass = HeaterDaoTest, testInstance = com.emse.spring.faircorp.dao.HeaterDaoTest@439607fc, testMethod = shouldFindAHeater@HeaterDaoTest, testException = [null], mergedContextConfiguration = [MergedContextConfiguration@28db0a27 testClass = HeaterDaoTest, locations = '{}', classes = '{class com.emse.spring.faircorp.FaircopApplication}', contextInitializerClasses = '[]', activeProfiles = '{}', propertySourceLocations = '{}', propertySourceProperties = '{org.springframework.boot.test.autoconfigure.orm.jpa.DataJpaTestContextBootstrapper=true}', contextCustomizers = set[org.springframework.boot.test.autoconfigure.OverrideAutoConfigurationContextCustomizerFactory$DisableAutoConfigurationContextCustomizer@edd013, org.springframework.boot.test.autoconfigure.actuate.metrics.MetricsExportContextCustomizerFactory$DisableMetricExportContextCustomizer@6b6e7f19, org.springframework.boot.test.autoconfigure.filter.TypeExcludeFiltersContextCustomizer@351584c0, org.springframework.boot.test.autoconfigure.properties.PropertyMappingContextCustomizer@ab31647e, org.springframework.boot.test.autoconfigure.web.servlet.WebDriverContextCustomizerFactory$Customizer@7c961c83, [ImportsContextCustomizer@4973eab9 key = [org.springframework.boot.autoconfigure.cache.CacheAutoConfiguration, org.springframework.boot.autoconfigure.data.jpa.JpaRepositoriesAutoConfiguration, org.springframework.boot.autoconfigure.flyway.FlywayAutoConfiguration, org.springframework.boot.autoconfigure.jdbc.DataSourceAutoConfiguration, org.springframework.boot.autoconfigure.jdbc.DataSourceTransactionManagerAutoConfiguration, org.springframework.boot.autoconfigure.jdbc.JdbcTemplateAutoConfiguration, org.springframework.boot.autoconfigure.liquibase.LiquibaseAutoConfiguration, org.springframework.boot.autoconfigure.orm.jpa.HibernateJpaAutoConfiguration, org.springframework.boot.autoconfigure.sql.init.SqlInitializationAutoConfiguration, org.springframework.boot.autoconfigure.transaction.TransactionAutoConfiguration, org.springframework.boot.test.autoconfigure.jdbc.TestDatabaseAutoConfiguration, org.springframework.boot.test.autoconfigure.orm.jpa.TestEntityManagerAutoConfiguration]], org.springframework.boot.test.context.filter.ExcludeFilterContextCustomizer@5175739, org.springframework.boot.test.json.DuplicateJsonObjectContextCustomizerFactory$DuplicateJsonObjectContextCustomizer@75dddafe, org.springframework.boot.test.mock.mockito.MockitoContextCustomizer@0, org.springframework.boot.test.context.SpringBootTestArgs@1, org.springframework.boot.test.context.SpringBootTestWebEnvironment@0], contextLoader = 'org.springframework.boot.test.context.SpringBootContextLoader', parent = [null]], attributes = map['org.springframework.test.context.event.ApplicationEventsTestExecutionListener.recordApplicationEvents' -> false]]
]]></system-out>
  <system-err><![CDATA[]]></system-err>
</testsuite>
